<?xml version="1.0" encoding="UTF-8"?>
<testsuite name="Tests" tests="1" skipped="0" failures="0" errors="0" timestamp="2020-04-26T12:47:31" hostname="MacBook-Pro-Rinat.local" time="0.014">
  <properties/>
  <testcase name="testSolution" classname="Tests" time="0.014"/>
  <system-out><![CDATA[Your input 5
Invalid input data
Please input required menu item:
1 - Create
2 - Search
3 - Delete
]]></system-out>
  <system-err><![CDATA[]]></system-err>
</testsuite>
