<?xml version="1.0" encoding="UTF-8"?>
<testsuite name="Tests" tests="1" skipped="0" failures="0" errors="0" timestamp="2020-04-26T12:07:17" hostname="MacBook-Pro-Rinat.local" time="0.013">
  <properties/>
  <testcase name="testSolution" classname="Tests" time="0.013"/>
  <system-out><![CDATA[Вы ввели 5
Неправильнный ввод данных. Пожалуйста введите число соотвествующее пункту меню
Пожалуйста введите необходимый номер пункта меню:
1 - Создать
2 - Искать
3 - Удалить
]]></system-out>
  <system-err><![CDATA[]]></system-err>
</testsuite>
